<?xml version="1.0" encoding="UTF-8"?>
<testng-results ignored="0" total="2" passed="2" failed="0" skipped="0">
  <reporter-output>
  </reporter-output>
  <suite started-at="2025-04-05T22:26:19 IST" name="Suite" finished-at="2025-04-05T22:26:37 IST" duration-ms="17579">
    <groups>
    </groups>
    <test started-at="2025-04-05T22:26:19 IST" name="Test" finished-at="2025-04-05T22:26:37 IST" duration-ms="17579">
      <class name="arun.test.SampleTest">
        <test-method is-config="true" signature="setUp()[pri:0, instance:arun.test.SampleTest@312aa7c]" started-at="2025-04-05T22:26:19 IST" name="setUp" finished-at="2025-04-05T22:26:27 IST" duration-ms="7470" status="PASS">
          <reporter-output>
          </reporter-output>
        </test-method> <!-- setUp -->
        <test-method signature="SampleErrorValidation()[pri:0, instance:arun.test.SampleTest@312aa7c]" started-at="2025-04-05T22:26:27 IST" name="SampleErrorValidation" finished-at="2025-04-05T22:26:28 IST" duration-ms="905" status="PASS">
          <reporter-output>
          </reporter-output>
        </test-method> <!-- SampleErrorValidation -->
        <test-method is-config="true" signature="tearDown()[pri:0, instance:arun.test.SampleTest@312aa7c]" started-at="2025-04-05T22:26:28 IST" name="tearDown" finished-at="2025-04-05T22:26:28 IST" duration-ms="95" status="PASS">
          <reporter-output>
          </reporter-output>
        </test-method> <!-- tearDown -->
        <test-method is-config="true" signature="setUp()[pri:0, instance:arun.test.SampleTest@312aa7c]" started-at="2025-04-05T22:26:28 IST" name="setUp" finished-at="2025-04-05T22:26:37 IST" duration-ms="8750" status="PASS">
          <reporter-output>
          </reporter-output>
        </test-method> <!-- setUp -->
        <test-method signature="faceBook()[pri:0, instance:arun.test.SampleTest@312aa7c]" started-at="2025-04-05T22:26:37 IST" name="faceBook" finished-at="2025-04-05T22:26:37 IST" duration-ms="151" status="PASS">
          <reporter-output>
          </reporter-output>
        </test-method> <!-- faceBook -->
        <test-method is-config="true" signature="tearDown()[pri:0, instance:arun.test.SampleTest@312aa7c]" started-at="2025-04-05T22:26:37 IST" name="tearDown" finished-at="2025-04-05T22:26:37 IST" duration-ms="186" status="PASS">
          <reporter-output>
          </reporter-output>
        </test-method> <!-- tearDown -->
      </class> <!-- arun.test.SampleTest -->
    </test> <!-- Test -->
  </suite> <!-- Suite -->
</testng-results>
