<?xml version="1.0" encoding="UTF-8"?>
<testng-results ignored="0" total="2" passed="2" failed="0" skipped="0">
  <reporter-output>
  </reporter-output>
  <suite started-at="2025-04-05T12:37:40 IST" name="Default suite" finished-at="2025-04-05T12:38:15 IST" duration-ms="35535">
    <groups>
    </groups>
    <test started-at="2025-04-05T12:37:40 IST" name="Default test" finished-at="2025-04-05T12:38:15 IST" duration-ms="35535">
      <class name="arun.test.SampleTest">
        <test-method is-config="true" signature="setUp()[pri:0, instance:arun.test.SampleTest@6a78afa0]" started-at="2025-04-05T12:37:40 IST" name="setUp" finished-at="2025-04-05T12:37:57 IST" duration-ms="17227" status="PASS">
          <reporter-output>
          </reporter-output>
        </test-method> <!-- setUp -->
        <test-method signature="SampleErrorValidation()[pri:0, instance:arun.test.SampleTest@6a78afa0]" started-at="2025-04-05T12:37:57 IST" name="SampleErrorValidation" finished-at="2025-04-05T12:38:00 IST" duration-ms="3672" status="PASS">
          <reporter-output>
          </reporter-output>
        </test-method> <!-- SampleErrorValidation -->
        <test-method is-config="true" signature="tearDown()[pri:0, instance:arun.test.SampleTest@6a78afa0]" started-at="2025-04-05T12:38:00 IST" name="tearDown" finished-at="2025-04-05T12:38:01 IST" duration-ms="124" status="PASS">
          <reporter-output>
          </reporter-output>
        </test-method> <!-- tearDown -->
        <test-method is-config="true" signature="setUp()[pri:0, instance:arun.test.SampleTest@6a78afa0]" started-at="2025-04-05T12:38:01 IST" name="setUp" finished-at="2025-04-05T12:38:13 IST" duration-ms="12008" status="PASS">
          <reporter-output>
          </reporter-output>
        </test-method> <!-- setUp -->
        <test-method signature="faceBook()[pri:0, instance:arun.test.SampleTest@6a78afa0]" started-at="2025-04-05T12:38:13 IST" name="faceBook" finished-at="2025-04-05T12:38:15 IST" duration-ms="2348" status="PASS">
          <reporter-output>
          </reporter-output>
        </test-method> <!-- faceBook -->
        <test-method is-config="true" signature="tearDown()[pri:0, instance:arun.test.SampleTest@6a78afa0]" started-at="2025-04-05T12:38:15 IST" name="tearDown" finished-at="2025-04-05T12:38:15 IST" duration-ms="92" status="PASS">
          <reporter-output>
          </reporter-output>
        </test-method> <!-- tearDown -->
      </class> <!-- arun.test.SampleTest -->
    </test> <!-- Default test -->
  </suite> <!-- Default suite -->
</testng-results>
