<?xml version="1.0" encoding="UTF-8"?>
<testng-results ignored="0" total="2" passed="2" failed="0" skipped="0">
  <reporter-output>
  </reporter-output>
  <suite started-at="2025-04-08T19:33:36 IST" name="Suite" finished-at="2025-04-08T19:34:02 IST" duration-ms="25907">
    <groups>
    </groups>
    <test started-at="2025-04-08T19:33:36 IST" name="Test" finished-at="2025-04-08T19:34:02 IST" duration-ms="25907">
      <class name="arun.test.SampleTest">
        <test-method is-config="true" signature="setUp()[pri:0, instance:arun.test.SampleTest@740fb309]" started-at="2025-04-08T19:33:36 IST" name="setUp" finished-at="2025-04-08T19:33:53 IST" duration-ms="17462" status="PASS">
          <reporter-output>
          </reporter-output>
        </test-method> <!-- setUp -->
        <test-method signature="SampleErrorValidation()[pri:0, instance:arun.test.SampleTest@740fb309]" started-at="2025-04-08T19:33:53 IST" name="SampleErrorValidation" finished-at="2025-04-08T19:33:54 IST" duration-ms="769" status="PASS">
          <reporter-output>
          </reporter-output>
        </test-method> <!-- SampleErrorValidation -->
        <test-method is-config="true" signature="tearDown()[pri:0, instance:arun.test.SampleTest@740fb309]" started-at="2025-04-08T19:33:54 IST" name="tearDown" finished-at="2025-04-08T19:33:54 IST" duration-ms="195" status="PASS">
          <reporter-output>
          </reporter-output>
        </test-method> <!-- tearDown -->
        <test-method is-config="true" signature="setUp()[pri:0, instance:arun.test.SampleTest@740fb309]" started-at="2025-04-08T19:33:54 IST" name="setUp" finished-at="2025-04-08T19:34:01 IST" duration-ms="7109" status="PASS">
          <reporter-output>
          </reporter-output>
        </test-method> <!-- setUp -->
        <test-method signature="faceBook()[pri:0, instance:arun.test.SampleTest@740fb309]" started-at="2025-04-08T19:34:01 IST" name="faceBook" finished-at="2025-04-08T19:34:01 IST" duration-ms="146" status="PASS">
          <reporter-output>
          </reporter-output>
        </test-method> <!-- faceBook -->
        <test-method is-config="true" signature="tearDown()[pri:0, instance:arun.test.SampleTest@740fb309]" started-at="2025-04-08T19:34:01 IST" name="tearDown" finished-at="2025-04-08T19:34:02 IST" duration-ms="204" status="PASS">
          <reporter-output>
          </reporter-output>
        </test-method> <!-- tearDown -->
      </class> <!-- arun.test.SampleTest -->
    </test> <!-- Test -->
  </suite> <!-- Suite -->
</testng-results>
